<?xml version="1.0" encoding="UTF-8"?>
<!-- Generated by org.testng.reporters.JUnitXMLReporter -->
<testsuite ignored="0" hostname="Tarun01-PC" failures="0" tests="3" name="Default test" time="1.163" errors="0" timestamp="2023-07-02T17:07:56 IST">
  <testcase classname="com.pennant.prodmtr.test.AnalyticServiceImplTest" name="testGetCompletedTasksByDate" time="0.03"/>
  <testcase classname="com.pennant.prodmtr.test.AnalyticServiceImplTest" name="testGetTotalAnalysis" time="0.004"/>
  <testcase classname="com.pennant.prodmtr.test.AnalyticServiceImplTest" name="testGetUserProjDetails" time="0.01"/>
</testsuite> <!-- Default test -->
