<?xml version="1.0" encoding="UTF-8"?>
<testng-results ignored="0" total="3" passed="3" failed="0" skipped="0">
  <reporter-output>
  </reporter-output>
  <suite started-at="2023-07-02T17:07:55 IST" name="Default suite" finished-at="2023-07-02T17:07:56 IST" duration-ms="1163">
    <groups>
    </groups>
    <test started-at="2023-07-02T17:07:55 IST" name="Default test" finished-at="2023-07-02T17:07:56 IST" duration-ms="1163">
      <class name="com.pennant.prodmtr.test.AnalyticServiceImplTest">
        <test-method is-config="true" signature="setUp()[pri:0, instance:com.pennant.prodmtr.test.AnalyticServiceImplTest@533b266e]" started-at="2023-07-02T17:07:55 IST" name="setUp" finished-at="2023-07-02T17:07:56 IST" duration-ms="1049" status="PASS">
          <reporter-output>
          </reporter-output>
        </test-method> <!-- setUp -->
        <test-method signature="testGetCompletedTasksByDate()[pri:0, instance:com.pennant.prodmtr.test.AnalyticServiceImplTest@533b266e]" started-at="2023-07-02T17:07:56 IST" name="testGetCompletedTasksByDate" finished-at="2023-07-02T17:07:56 IST" duration-ms="30" status="PASS">
          <reporter-output>
          </reporter-output>
        </test-method> <!-- testGetCompletedTasksByDate -->
        <test-method signature="testGetTotalAnalysis()[pri:0, instance:com.pennant.prodmtr.test.AnalyticServiceImplTest@533b266e]" started-at="2023-07-02T17:07:56 IST" name="testGetTotalAnalysis" finished-at="2023-07-02T17:07:56 IST" duration-ms="4" status="PASS">
          <reporter-output>
          </reporter-output>
        </test-method> <!-- testGetTotalAnalysis -->
        <test-method signature="testGetUserProjDetails()[pri:0, instance:com.pennant.prodmtr.test.AnalyticServiceImplTest@533b266e]" started-at="2023-07-02T17:07:56 IST" name="testGetUserProjDetails" finished-at="2023-07-02T17:07:56 IST" duration-ms="10" status="PASS">
          <reporter-output>
          </reporter-output>
        </test-method> <!-- testGetUserProjDetails -->
      </class> <!-- com.pennant.prodmtr.test.AnalyticServiceImplTest -->
    </test> <!-- Default test -->
  </suite> <!-- Default suite -->
</testng-results>
